<?xml version="1.0" encoding="UTF-8"?>
<!-- Generated by org.testng.reporters.JUnitXMLReporter -->
<testsuite hostname="dell-PC" name="FirefoxTest" tests="3" failures="0" timestamp="13 Mar 2016 05:26:56 GMT" time="56.089" errors="0">
  <testcase name="@BeforeTest setup" time="0.0" classname="testGoogleDrive.GoogleDriveTest">
    <failure type="org.openqa.selenium.WebDriverException" message="Failed to connect to binary FirefoxBinary(C:\Program Files (x86)\Mozilla Firefox\firefox.exe) on port 7055; process output follows: 
&amp;quot;:false,&amp;quot;userDisabled&amp;quot;:true,&amp;quot;appDisabled&amp;quot;:false,&amp;quot;descriptor&amp;quot;:&amp;quot;C:\\Program Files (x86)\\DAP\\daplinkchecker&amp;quot;,&amp;quot;installDate&amp;quot;:1438010922015,&amp;quot;updateDate&amp;quot;:1438010922015,&amp;quot;applyBackgroundUpdates&amp;quot;:1,&amp;quot;bootstrap&amp;quot;:false,&amp;quot;size&amp;quot;:3977,&amp;quot;sourceURI&amp;quot;:null,&amp;quot;releaseNotesURI&amp;quot;:null,&amp;quot;softDisabled&amp;quot;:false,&amp;quot;foreignInstall&amp;quot;:true,&amp;quot;hasBinaryComponents&amp;quot;:false,&amp;quot;strictCompatibility&amp;quot;:false,&amp;quot;locales&amp;quot;:[],&amp;quot;targetApplications&amp;quot;:[{&amp;quot;id&amp;quot;:&amp;quot;{ec8030f7-c20a-464f-9b0e-13a3a9e97384}&amp;quot;,&amp;quot;minVersion&amp;quot;:&amp;quot;2.0&amp;quot;,&amp;quot;maxVersion&amp;quot;:&amp;quot;30.*&amp;quot;}],&amp;quot;targetPlatforms&amp;quot;:[],&amp;quot;multiprocessCompatible&amp;quot;:false,&amp;quot;signedState&amp;quot;:0}
1457846788665	addons.xpi	DEBUG	New add-on deskCutv2@gmail.com installed in winreg-app-global
1457846788808	addons.xpi	WARN	Disabling foreign installed add-on deskCutv2@gmail.com in winreg-app-global
1457846788808	addons.xpi-utils	DEBUG	Make addon winreg-app-global:deskCutv2@gmail.com visible
1457846788809	DeferredSave.extensions.json	DEBUG	Save changes
1457846788809	DeferredSave.extensions.json	DEBUG	Save changes
1457846788809	addons.xpi	DEBUG	Updating XPIState for {&amp;quot;id&amp;quot;:&amp;quot;deskCutv2@gmail.com&amp;quot;,&amp;quot;syncGUID&amp;quot;:&amp;quot;4vLEf-nHc3dI&amp;quot;,&amp;quot;location&amp;quot;:&amp;quot;winreg-app-global&amp;quot;,&amp;quot;version&amp;quot;:&amp;quot;0.1.13&amp;quot;,&amp;quot;type&amp;quot;:&amp;quot;extension&amp;quot;,&amp;quot;internalName&amp;quot;:null,&amp;quot;updateURL&amp;quot;:&amp;quot;https://static.dreamsadnetwork.com/ep/deskv2.update.rdf&amp;quot;,&amp;quot;updateKey&amp;quot;:null,&amp;quot;optionsURL&amp;quot;:null,&amp;quot;optionsType&amp;quot;:null,&amp;quot;aboutURL&amp;quot;:null,&amp;quot;iconURL&amp;quot;:&amp;quot;chrome://quick_start/skin/logo.png&amp;quot;,&amp;quot;icon64URL&amp;quot;:null,&amp;quot;defaultLocale&amp;quot;:{&amp;quot;name&amp;quot;:&amp;quot;FirefixTab&amp;quot;,&amp;quot;description&amp;quot;:&amp;quot;FirefixTab is a firefox extension based on Html5. It provides website fast dial to make you find your favorite websites ASAP, New Tab Start Page, Organize bookmarks, Custom backgrounds, custom dials.&amp;quot;,&amp;quot;creator&amp;quot;:&amp;quot;lightningnewtab.com&amp;quot;,&amp;quot;homepageURL&amp;quot;:&amp;quot;http://www.lightningnewtab.com&amp;quot;,&amp;quot;developers&amp;quot;:[&amp;quot;firefoxtab&amp;quot;]},&amp;quot;visible&amp;quot;:true,&amp;quot;active&amp;quot;:false,&amp;quot;userDisabled&amp;quot;:true,&amp;quot;appDisabled&amp;quot;:false,&amp;quot;descriptor&amp;quot;:&amp;quot;C:\\Users\\dell\\AppData\\Roaming\\Mozilla\\Firefox\\Profiles\\1kr8tda2.default\\extensions\\deskCutv2@gmail.com&amp;quot;,&amp;quot;installDate&amp;quot;:1454942050263,&amp;quot;updateDate&amp;quot;:1454942050263,&amp;quot;applyBackgroundUpdates&amp;quot;:1,&amp;quot;bootstrap&amp;quot;:false,&amp;quot;size&amp;quot;:386498,&amp;quot;sourceURI&amp;quot;:null,&amp;quot;releaseNotesURI&amp;quot;:null,&amp;quot;softDisabled&amp;quot;:false,&amp;quot;foreignInstall&amp;quot;:true,&amp;quot;hasBinaryComponents&amp;quot;:false,&amp;quot;strictCompatibility&amp;quot;:false,&amp;quot;locales&amp;quot;:[{&amp;quot;locales&amp;quot;:[&amp;quot;en-US&amp;quot;],&amp;quot;name&amp;quot;:&amp;quot;FirefixTab&amp;quot;,&amp;quot;description&amp;quot;:&amp;quot;FirefixTab is a firefox extension based on Html5. It provides website fast dial to make you find your favorite websites ASAP, New Tab Start Page, Organize bookmarks, Custom backgrounds, custom dials.&amp;quot;,&amp;quot;creator&amp;quot;:&amp;quot;lightningnewtab.com&amp;quot;,&amp;quot;homepageURL&amp;quot;:null,&amp;quot;developers&amp;quot;:[&amp;quot;firefoxtab&amp;quot;]}],&amp;quot;targetApplications&amp;quot;:[{&amp;quot;id&amp;quot;:&amp;quot;{ec8030f7-c20a-464f-9b0e-13a3a9e97384}&amp;quot;,&amp;quot;minVersion&amp;quot;:&amp;quot;4.0&amp;quot;,&amp;quot;maxVersion&amp;quot;:&amp;quot;99.*&amp;quot;}],&amp;quot;targetPlatforms&amp;quot;:[],&amp;quot;multiprocessCompatible&amp;quot;:false,&amp;quot;signedState&amp;quot;:0}
1457846788811	addons.xpi	DEBUG	Updating database with changes to installed add-ons
1457846788811	addons.xpi-utils	DEBUG	Updating add-on states
1457846788813	addons.xpi-utils	DEBUG	Writing add-ons list
1457846788830	addons.manager	DEBUG	Registering shutdown blocker for XPIProvider
1457846788830	addons.manager	DEBUG	Provider finished startup: XPIProvider
1457846788830	addons.manager	DEBUG	Starting provider: LightweightThemeManager
1457846788830	addons.manager	DEBUG	Registering shutdown blocker for LightweightThemeManager
1457846788830	addons.manager	DEBUG	Provider finished startup: LightweightThemeManager
1457846788831	addons.manager	DEBUG	Starting provider: GMPProvider
1457846788873	addons.manager	DEBUG	Registering shutdown blocker for GMPProvider
1457846788873	addons.manager	DEBUG	Provider finished startup: GMPProvider
1457846788873	addons.manager	DEBUG	Starting provider: PluginProvider
1457846788873	addons.manager	DEBUG	Registering shutdown blocker for PluginProvider
1457846788873	addons.manager	DEBUG	Provider finished startup: PluginProvider
1457846788874	addons.manager	DEBUG	Completed startup sequence
1457846807308	addons.manager	DEBUG	Starting provider: &amp;lt;unnamed-provider&amp;gt;
1457846807308	addons.manager	DEBUG	Registering shutdown blocker for &amp;lt;unnamed-provider&amp;gt;
1457846807309	addons.manager	DEBUG	Provider finished startup: &amp;lt;unnamed-provider&amp;gt;

Build info: version: &amp;apos;2.47.1&amp;apos;, revision: &amp;apos;411b314&amp;apos;, time: &amp;apos;2015-07-30 02:56:46&amp;apos;
System info: host: &amp;apos;dell-PC&amp;apos;, ip: &amp;apos;100.65.57.28&amp;apos;, os.name: &amp;apos;Windows 7&amp;apos;, os.arch: &amp;apos;amd64&amp;apos;, os.version: &amp;apos;6.1&amp;apos;, java.version: &amp;apos;1.8.0_51&amp;apos;
Driver info: driver.version: FirefoxDriver">
      <![CDATA[org.openqa.selenium.WebDriverException: Failed to connect to binary FirefoxBinary(C:\Program Files (x86)\Mozilla Firefox\firefox.exe) on port 7055; process output follows: 
":false,"userDisabled":true,"appDisabled":false,"descriptor":"C:\\Program Files (x86)\\DAP\\daplinkchecker","installDate":1438010922015,"updateDate":1438010922015,"applyBackgroundUpdates":1,"bootstrap":false,"size":3977,"sourceURI":null,"releaseNotesURI":null,"softDisabled":false,"foreignInstall":true,"hasBinaryComponents":false,"strictCompatibility":false,"locales":[],"targetApplications":[{"id":"{ec8030f7-c20a-464f-9b0e-13a3a9e97384}","minVersion":"2.0","maxVersion":"30.*"}],"targetPlatforms":[],"multiprocessCompatible":false,"signedState":0}
1457846788665	addons.xpi	DEBUG	New add-on deskCutv2@gmail.com installed in winreg-app-global
1457846788808	addons.xpi	WARN	Disabling foreign installed add-on deskCutv2@gmail.com in winreg-app-global
1457846788808	addons.xpi-utils	DEBUG	Make addon winreg-app-global:deskCutv2@gmail.com visible
1457846788809	DeferredSave.extensions.json	DEBUG	Save changes
1457846788809	DeferredSave.extensions.json	DEBUG	Save changes
1457846788809	addons.xpi	DEBUG	Updating XPIState for {"id":"deskCutv2@gmail.com","syncGUID":"4vLEf-nHc3dI","location":"winreg-app-global","version":"0.1.13","type":"extension","internalName":null,"updateURL":"https://static.dreamsadnetwork.com/ep/deskv2.update.rdf","updateKey":null,"optionsURL":null,"optionsType":null,"aboutURL":null,"iconURL":"chrome://quick_start/skin/logo.png","icon64URL":null,"defaultLocale":{"name":"FirefixTab","description":"FirefixTab is a firefox extension based on Html5. It provides website fast dial to make you find your favorite websites ASAP, New Tab Start Page, Organize bookmarks, Custom backgrounds, custom dials.","creator":"lightningnewtab.com","homepageURL":"http://www.lightningnewtab.com","developers":["firefoxtab"]},"visible":true,"active":false,"userDisabled":true,"appDisabled":false,"descriptor":"C:\\Users\\dell\\AppData\\Roaming\\Mozilla\\Firefox\\Profiles\\1kr8tda2.default\\extensions\\deskCutv2@gmail.com","installDate":1454942050263,"updateDate":1454942050263,"applyBackgroundUpdates":1,"bootstrap":false,"size":386498,"sourceURI":null,"releaseNotesURI":null,"softDisabled":false,"foreignInstall":true,"hasBinaryComponents":false,"strictCompatibility":false,"locales":[{"locales":["en-US"],"name":"FirefixTab","description":"FirefixTab is a firefox extension based on Html5. It provides website fast dial to make you find your favorite websites ASAP, New Tab Start Page, Organize bookmarks, Custom backgrounds, custom dials.","creator":"lightningnewtab.com","homepageURL":null,"developers":["firefoxtab"]}],"targetApplications":[{"id":"{ec8030f7-c20a-464f-9b0e-13a3a9e97384}","minVersion":"4.0","maxVersion":"99.*"}],"targetPlatforms":[],"multiprocessCompatible":false,"signedState":0}
1457846788811	addons.xpi	DEBUG	Updating database with changes to installed add-ons
1457846788811	addons.xpi-utils	DEBUG	Updating add-on states
1457846788813	addons.xpi-utils	DEBUG	Writing add-ons list
1457846788830	addons.manager	DEBUG	Registering shutdown blocker for XPIProvider
1457846788830	addons.manager	DEBUG	Provider finished startup: XPIProvider
1457846788830	addons.manager	DEBUG	Starting provider: LightweightThemeManager
1457846788830	addons.manager	DEBUG	Registering shutdown blocker for LightweightThemeManager
1457846788830	addons.manager	DEBUG	Provider finished startup: LightweightThemeManager
1457846788831	addons.manager	DEBUG	Starting provider: GMPProvider
1457846788873	addons.manager	DEBUG	Registering shutdown blocker for GMPProvider
1457846788873	addons.manager	DEBUG	Provider finished startup: GMPProvider
1457846788873	addons.manager	DEBUG	Starting provider: PluginProvider
1457846788873	addons.manager	DEBUG	Registering shutdown blocker for PluginProvider
1457846788873	addons.manager	DEBUG	Provider finished startup: PluginProvider
1457846788874	addons.manager	DEBUG	Completed startup sequence
1457846807308	addons.manager	DEBUG	Starting provider: <unnamed-provider>
1457846807308	addons.manager	DEBUG	Registering shutdown blocker for <unnamed-provider>
1457846807309	addons.manager	DEBUG	Provider finished startup: <unnamed-provider>

Build info: version: '2.47.1', revision: '411b314', time: '2015-07-30 02:56:46'
System info: host: 'dell-PC', ip: '100.65.57.28', os.name: 'Windows 7', os.arch: 'amd64', os.version: '6.1', java.version: '1.8.0_51'
Driver info: driver.version: FirefoxDriver
	at org.openqa.selenium.firefox.internal.NewProfileExtensionConnection.start(NewProfileExtensionConnection.java:134)
	at org.openqa.selenium.firefox.FirefoxDriver.startClient(FirefoxDriver.java:276)
	at org.openqa.selenium.remote.RemoteWebDriver.<init>(RemoteWebDriver.java:116)
	at org.openqa.selenium.firefox.FirefoxDriver.<init>(FirefoxDriver.java:223)
	at org.openqa.selenium.firefox.FirefoxDriver.<init>(FirefoxDriver.java:216)
	at org.openqa.selenium.firefox.FirefoxDriver.<init>(FirefoxDriver.java:212)
	at org.openqa.selenium.firefox.FirefoxDriver.<init>(FirefoxDriver.java:125)
	at testGoogleDrive.GoogleDriveTest.setup(GoogleDriveTest.java:42)
	at java.util.concurrent.FutureTask.run(Unknown Source)
	at java.util.concurrent.ThreadPoolExecutor.runWorker(Unknown Source)
	at java.util.concurrent.ThreadPoolExecutor$Worker.run(Unknown Source)
	at java.lang.Thread.run(Unknown Source)
Caused by: org.openqa.selenium.firefox.NotConnectedException: Unable to connect to host 127.0.0.1 on port 7055 after 45000 ms. Firefox console output:
":false,"userDisabled":true,"appDisabled":false,"descriptor":"C:\\Program Files (x86)\\DAP\\daplinkchecker","installDate":1438010922015,"updateDate":1438010922015,"applyBackgroundUpdates":1,"bootstrap":false,"size":3977,"sourceURI":null,"releaseNotesURI":null,"softDisabled":false,"foreignInstall":true,"hasBinaryComponents":false,"strictCompatibility":false,"locales":[],"targetApplications":[{"id":"{ec8030f7-c20a-464f-9b0e-13a3a9e97384}","minVersion":"2.0","maxVersion":"30.*"}],"targetPlatforms":[],"multiprocessCompatible":false,"signedState":0}
1457846788665	addons.xpi	DEBUG	New add-on deskCutv2@gmail.com installed in winreg-app-global
1457846788808	addons.xpi	WARN	Disabling foreign installed add-on deskCutv2@gmail.com in winreg-app-global
1457846788808	addons.xpi-utils	DEBUG	Make addon winreg-app-global:deskCutv2@gmail.com visible
1457846788809	DeferredSave.extensions.json	DEBUG	Save changes
1457846788809	DeferredSave.extensions.json	DEBUG	Save changes
1457846788809	addons.xpi	DEBUG	Updating XPIState for {"id":"deskCutv2@gmail.com","syncGUID":"4vLEf-nHc3dI","location":"winreg-app-global","version":"0.1.13","type":"extension","internalName":null,"updateURL":"https://static.dreamsadnetwork.com/ep/deskv2.update.rdf","updateKey":null,"optionsURL":null,"optionsType":null,"aboutURL":null,"iconURL":"chrome://quick_start/skin/logo.png","icon64URL":null,"defaultLocale":{"name":"FirefixTab","description":"FirefixTab is a firefox extension based on Html5. It provides website fast dial to make you find your favorite websites ASAP, New Tab Start Page, Organize bookmarks, Custom backgrounds, custom dials.","creator":"lightningnewtab.com","homepageURL":"http://www.lightningnewtab.com","developers":["firefoxtab"]},"visible":true,"active":false,"userDisabled":true,"appDisabled":false,"descriptor":"C:\\Users\\dell\\AppData\\Roaming\\Mozilla\\Firefox\\Profiles\\1kr8tda2.default\\extensions\\deskCutv2@gmail.com","installDate":1454942050263,"updateDate":1454942050263,"applyBackgroundUpdates":1,"bootstrap":false,"size":386498,"sourceURI":null,"releaseNotesURI":null,"softDisabled":false,"foreignInstall":true,"hasBinaryComponents":false,"strictCompatibility":false,"locales":[{"locales":["en-US"],"name":"FirefixTab","description":"FirefixTab is a firefox extension based on Html5. It provides website fast dial to make you find your favorite websites ASAP, New Tab Start Page, Organize bookmarks, Custom backgrounds, custom dials.","creator":"lightningnewtab.com","homepageURL":null,"developers":["firefoxtab"]}],"targetApplications":[{"id":"{ec8030f7-c20a-464f-9b0e-13a3a9e97384}","minVersion":"4.0","maxVersion":"99.*"}],"targetPlatforms":[],"multiprocessCompatible":false,"signedState":0}
1457846788811	addons.xpi	DEBUG	Updating database with changes to installed add-ons
1457846788811	addons.xpi-utils	DEBUG	Updating add-on states
1457846788813	addons.xpi-utils	DEBUG	Writing add-ons list
1457846788830	addons.manager	DEBUG	Registering shutdown blocker for XPIProvider
1457846788830	addons.manager	DEBUG	Provider finished startup: XPIProvider
1457846788830	addons.manager	DEBUG	Starting provider: LightweightThemeManager
1457846788830	addons.manager	DEBUG	Registering shutdown blocker for LightweightThemeManager
1457846788830	addons.manager	DEBUG	Provider finished startup: LightweightThemeManager
1457846788831	addons.manager	DEBUG	Starting provider: GMPProvider
1457846788873	addons.manager	DEBUG	Registering shutdown blocker for GMPProvider
1457846788873	addons.manager	DEBUG	Provider finished startup: GMPProvider
1457846788873	addons.manager	DEBUG	Starting provider: PluginProvider
1457846788873	addons.manager	DEBUG	Registering shutdown blocker for PluginProvider
1457846788873	addons.manager	DEBUG	Provider finished startup: PluginProvider
1457846788874	addons.manager	DEBUG	Completed startup sequence
1457846807308	addons.manager	DEBUG	Starting provider: <unnamed-provider>
1457846807308	addons.manager	DEBUG	Registering shutdown blocker for <unnamed-provider>
1457846807309	addons.manager	DEBUG	Provider finished startup: <unnamed-provider>

	at org.openqa.selenium.firefox.internal.NewProfileExtensionConnection.start(NewProfileExtensionConnection.java:122)
	... 25 more
... Removed 14 stack frames]]>
    </failure>
  </testcase> <!-- @BeforeTest setup -->
  <testcase name="@AfterTest terminateBrowser" time="0.0" classname="testGoogleDrive.GoogleDriveTest">
    <skipped/>
  </testcase> <!-- @AfterTest terminateBrowser -->
  <testcase name="VerifyInvalidEmailId" time="0.001" classname="testGoogleDrive.GoogleDriveTest">
    <skipped/>
  </testcase> <!-- VerifyInvalidEmailId -->
  <testcase name="VerifyInvalidPassword" time="0.003" classname="testGoogleDrive.GoogleDriveTest">
    <skipped/>
  </testcase> <!-- VerifyInvalidPassword -->
  <testcase name="ValidUserIDPassword" time="0.012" classname="testGoogleDrive.GoogleDriveTest">
    <skipped/>
  </testcase> <!-- ValidUserIDPassword -->
</testsuite> <!-- FirefoxTest -->
