<?xml version="1.0" encoding="UTF-8"?>
<!-- Generated by org.testng.reporters.JUnitXMLReporter -->
<testsuite hostname="dell-PC" name="IETest" tests="3" failures="3" timestamp="13 Mar 2016 05:28:02 GMT" time="121.969" errors="0">
  <testcase name="VerifyInvalidEmailId" time="0.001" classname="testGoogleDrive.GoogleDriveTest">
    <failure type="java.lang.NullPointerException">
      <![CDATA[java.lang.NullPointerException
	at pages.LoginPage.setEmailId(LoginPage.java:33)
	at testGoogleDrive.GoogleDriveTest.VerifyInvalidEmailId(GoogleDriveTest.java:92)
	at java.util.concurrent.FutureTask.run(Unknown Source)
	at java.util.concurrent.ThreadPoolExecutor.runWorker(Unknown Source)
	at java.util.concurrent.ThreadPoolExecutor$Worker.run(Unknown Source)
	at java.lang.Thread.run(Unknown Source)
... Removed 16 stack frames]]>
    </failure>
  </testcase> <!-- VerifyInvalidEmailId -->
  <testcase name="VerifyInvalidPassword" time="0.0" classname="testGoogleDrive.GoogleDriveTest">
    <failure type="java.lang.NullPointerException">
      <![CDATA[java.lang.NullPointerException
	at pages.LoginPage.clearEmailId(LoginPage.java:73)
	at testGoogleDrive.GoogleDriveTest.VerifyInvalidPassword(GoogleDriveTest.java:104)
	at java.util.concurrent.FutureTask.run(Unknown Source)
	at java.util.concurrent.ThreadPoolExecutor.runWorker(Unknown Source)
	at java.util.concurrent.ThreadPoolExecutor$Worker.run(Unknown Source)
	at java.lang.Thread.run(Unknown Source)
... Removed 16 stack frames]]>
    </failure>
  </testcase> <!-- VerifyInvalidPassword -->
  <testcase name="ValidUserIDPassword" time="0.0" classname="testGoogleDrive.GoogleDriveTest">
    <failure type="java.lang.NullPointerException">
      <![CDATA[java.lang.NullPointerException
	at pages.LoginPage.clearPassword(LoginPage.java:79)
	at testGoogleDrive.GoogleDriveTest.ValidUserIDPassword(GoogleDriveTest.java:115)
	at java.util.concurrent.FutureTask.run(Unknown Source)
	at java.util.concurrent.ThreadPoolExecutor.runWorker(Unknown Source)
	at java.util.concurrent.ThreadPoolExecutor$Worker.run(Unknown Source)
	at java.lang.Thread.run(Unknown Source)
... Removed 16 stack frames]]>
    </failure>
  </testcase> <!-- ValidUserIDPassword -->
</testsuite> <!-- IETest -->
