<?xml version="1.0" encoding="UTF-8"?>
<testng-results skipped="0" failed="1" total="6" passed="5">
  <reporter-output>
  </reporter-output>
  <suite name="TestSuite" duration-ms="93971" started-at="2016-03-14T08:04:26Z" finished-at="2016-03-14T08:06:00Z">
    <groups>
    </groups>
    <test name="ChromeTest" duration-ms="93971" started-at="2016-03-14T08:04:26Z" finished-at="2016-03-14T08:06:00Z">
      <class name="testGoogleDrive.GoogleDriveTest">
        <test-method status="PASS" signature="setup(java.lang.String)[pri:0, instance:testGoogleDrive.GoogleDriveTest@6debcae2]" name="setup" is-config="true" duration-ms="21808" started-at="2016-03-14T13:34:26Z" finished-at="2016-03-14T13:34:48Z">
          <params>
            <param index="0">
              <value>
                <![CDATA[Chrome]]>
              </value>
            </param>
          </params>
          <reporter-output>
          </reporter-output>
        </test-method> <!-- setup -->
        <test-method status="PASS" signature="VerifyInvalidEmailId()[pri:1, instance:testGoogleDrive.GoogleDriveTest@6debcae2]" name="VerifyInvalidEmailId" duration-ms="5586" started-at="2016-03-14T13:34:48Z" finished-at="2016-03-14T13:34:54Z">
          <reporter-output>
          </reporter-output>
        </test-method> <!-- VerifyInvalidEmailId -->
        <test-method status="PASS" signature="VerifyInvalidPassword()[pri:2, instance:testGoogleDrive.GoogleDriveTest@6debcae2]" name="VerifyInvalidPassword" duration-ms="1384" started-at="2016-03-14T13:34:54Z" finished-at="2016-03-14T13:34:55Z">
          <reporter-output>
          </reporter-output>
        </test-method> <!-- VerifyInvalidPassword -->
        <test-method status="PASS" signature="ValidUserIDPassword()[pri:3, instance:testGoogleDrive.GoogleDriveTest@6debcae2]" name="ValidUserIDPassword" duration-ms="5230" started-at="2016-03-14T13:34:55Z" finished-at="2016-03-14T13:35:00Z">
          <reporter-output>
          </reporter-output>
        </test-method> <!-- ValidUserIDPassword -->
        <test-method status="PASS" signature="FilePressenceTest()[pri:4, instance:testGoogleDrive.GoogleDriveTest@6debcae2]" name="FilePressenceTest" duration-ms="15251" started-at="2016-03-14T13:35:00Z" finished-at="2016-03-14T13:35:15Z">
          <reporter-output>
          </reporter-output>
        </test-method> <!-- FilePressenceTest -->
        <test-method status="PASS" signature="FileRenameTest()[pri:5, instance:testGoogleDrive.GoogleDriveTest@6debcae2]" name="FileRenameTest" duration-ms="14331" started-at="2016-03-14T13:35:15Z" finished-at="2016-03-14T13:35:30Z">
          <reporter-output>
          </reporter-output>
        </test-method> <!-- FileRenameTest -->
        <test-method status="FAIL" signature="NoInternetConnection()[pri:5, instance:testGoogleDrive.GoogleDriveTest@6debcae2]" name="NoInternetConnection" duration-ms="30094" started-at="2016-03-14T13:35:30Z" finished-at="2016-03-14T13:36:00Z">
          <exception class="org.openqa.selenium.NoSuchElementException">
            <message>
              <![CDATA[no such element
  (Session info: chrome=48.0.2564.116)
  (Driver info: chromedriver=2.6.232923,platform=Windows NT 6.1 SP1 x86_64) (WARNING: The server did not provide any stacktrace information)
Command duration or timeout: 30.06 seconds
For documentation on this error, please visit: http://seleniumhq.org/exceptions/no_such_element.html
Build info: version: '2.47.1', revision: '411b314', time: '2015-07-30 02:56:46'
System info: host: 'dell-PC', ip: '100.65.57.81', os.name: 'Windows 7', os.arch: 'amd64', os.version: '6.1', java.version: '1.8.0_51'
Driver info: org.openqa.selenium.chrome.ChromeDriver
Capabilities [{applicationCacheEnabled=false, rotatable=false, chrome={userDataDir=C:\Users\dell\AppData\Local\Temp\scoped_dir7644_19315}, takesHeapSnapshot=true, databaseEnabled=false, handlesAlerts=true, version=48.0.2564.116, platform=XP, browserConnectionEnabled=false, nativeEvents=true, acceptSslCerts=true, locationContextEnabled=true, webStorageEnabled=true, browserName=chrome, takesScreenshot=true, javascriptEnabled=true, cssSelectorsEnabled=true}]
Session ID: 341b262a779c405e8bcab38d7e51a4a5
*** Element info: {Using=class name, value=a-wb-ra-s}]]>
            </message>
            <full-stacktrace>
              <![CDATA[org.openqa.selenium.NoSuchElementException: no such element
  (Session info: chrome=48.0.2564.116)
  (Driver info: chromedriver=2.6.232923,platform=Windows NT 6.1 SP1 x86_64) (WARNING: The server did not provide any stacktrace information)
Command duration or timeout: 30.06 seconds
For documentation on this error, please visit: http://seleniumhq.org/exceptions/no_such_element.html
Build info: version: '2.47.1', revision: '411b314', time: '2015-07-30 02:56:46'
System info: host: 'dell-PC', ip: '100.65.57.81', os.name: 'Windows 7', os.arch: 'amd64', os.version: '6.1', java.version: '1.8.0_51'
Driver info: org.openqa.selenium.chrome.ChromeDriver
Capabilities [{applicationCacheEnabled=false, rotatable=false, chrome={userDataDir=C:\Users\dell\AppData\Local\Temp\scoped_dir7644_19315}, takesHeapSnapshot=true, databaseEnabled=false, handlesAlerts=true, version=48.0.2564.116, platform=XP, browserConnectionEnabled=false, nativeEvents=true, acceptSslCerts=true, locationContextEnabled=true, webStorageEnabled=true, browserName=chrome, takesScreenshot=true, javascriptEnabled=true, cssSelectorsEnabled=true}]
Session ID: 341b262a779c405e8bcab38d7e51a4a5
*** Element info: {Using=class name, value=a-wb-ra-s}
	at sun.reflect.NativeConstructorAccessorImpl.newInstance0(Native Method)
	at sun.reflect.NativeConstructorAccessorImpl.newInstance(Unknown Source)
	at sun.reflect.DelegatingConstructorAccessorImpl.newInstance(Unknown Source)
	at java.lang.reflect.Constructor.newInstance(Unknown Source)
	at org.openqa.selenium.remote.ErrorHandler.createThrowable(ErrorHandler.java:206)
	at org.openqa.selenium.remote.ErrorHandler.throwIfResponseFailed(ErrorHandler.java:158)
	at org.openqa.selenium.remote.RemoteWebDriver.execute(RemoteWebDriver.java:595)
	at org.openqa.selenium.remote.RemoteWebDriver.findElement(RemoteWebDriver.java:348)
	at org.openqa.selenium.remote.RemoteWebDriver.findElementByClassName(RemoteWebDriver.java:429)
	at org.openqa.selenium.By$ByClassName.findElement(By.java:388)
	at org.openqa.selenium.remote.RemoteWebDriver.findElement(RemoteWebDriver.java:340)
	at pages.HomePage.NoInternetConnection(HomePage.java:34)
	at testGoogleDrive.GoogleDriveTest.NoInternetConnection(GoogleDriveTest.java:167)
	at sun.reflect.NativeMethodAccessorImpl.invoke0(Native Method)
	at sun.reflect.NativeMethodAccessorImpl.invoke(Unknown Source)
	at sun.reflect.DelegatingMethodAccessorImpl.invoke(Unknown Source)
	at java.lang.reflect.Method.invoke(Unknown Source)
	at org.testng.internal.MethodInvocationHelper.invokeMethod(MethodInvocationHelper.java:86)
	at org.testng.internal.Invoker.invokeMethod(Invoker.java:645)
	at org.testng.internal.Invoker.invokeTestMethod(Invoker.java:822)
	at org.testng.internal.Invoker.invokeTestMethods(Invoker.java:1130)
	at org.testng.internal.TestMethodWorker.invokeTestMethods(TestMethodWorker.java:129)
	at org.testng.internal.TestMethodWorker.run(TestMethodWorker.java:112)
	at org.testng.TestRunner.privateRun(TestRunner.java:782)
	at org.testng.TestRunner.run(TestRunner.java:632)
	at org.testng.SuiteRunner.runTest(SuiteRunner.java:366)
	at org.testng.SuiteRunner.access$000(SuiteRunner.java:39)
	at org.testng.SuiteRunner$SuiteWorker.run(SuiteRunner.java:400)
	at org.testng.internal.thread.ThreadUtil$2.call(ThreadUtil.java:64)
	at java.util.concurrent.FutureTask.run(Unknown Source)
	at java.util.concurrent.ThreadPoolExecutor.runWorker(Unknown Source)
	at java.util.concurrent.ThreadPoolExecutor$Worker.run(Unknown Source)
	at java.lang.Thread.run(Unknown Source)
]]>
            </full-stacktrace>
          </exception> <!-- org.openqa.selenium.NoSuchElementException -->
          <reporter-output>
          </reporter-output>
        </test-method> <!-- NoInternetConnection -->
      </class> <!-- testGoogleDrive.GoogleDriveTest -->
    </test> <!-- ChromeTest -->
  </suite> <!-- TestSuite -->
</testng-results>
